Connecting to database specified by database.yml
Connecting to database specified by database.yml
Connecting to database specified by database.yml
Connecting to database specified by database.yml


Started GET "/assets/rails.png" for 127.0.0.1 at 2013-05-28 15:34:23 -0300
Served asset /rails.png - 304 Not Modified (11ms)
Connecting to database specified by database.yml
Connecting to database specified by database.yml


Started GET "/assets/rails.png" for 127.0.0.1 at 2013-05-28 15:35:00 -0300
Served asset /rails.png - 304 Not Modified (4ms)


Started GET "/assets/rails.png" for 127.0.0.1 at 2013-05-28 15:35:42 -0300
Served asset /rails.png - 304 Not Modified (0ms)


Started GET "/assets/rails.png" for 127.0.0.1 at 2013-05-28 15:35:43 -0300
Served asset /rails.png - 304 Not Modified (0ms)


Started GET "/assets/rails.png" for 127.0.0.1 at 2013-05-28 15:35:43 -0300
Served asset /rails.png - 304 Not Modified (0ms)


Started GET "/assets/rails.png" for 127.0.0.1 at 2013-05-28 15:35:44 -0300
Served asset /rails.png - 304 Not Modified (0ms)
Connecting to database specified by database.yml


Started GET "/" for 127.0.0.1 at 2013-05-28 15:36:05 -0300
Processing by HomeController#index as HTML
  Rendered home/index.html.erb within layouts/application (6.3ms)
Compiled categories.css  (16ms)  (pid 42858)
Compiled home.css  (2ms)  (pid 42858)
Compiled products.css  (2ms)  (pid 42858)
Compiled scaffolds.css  (31ms)  (pid 42858)
Compiled application.css  (142ms)  (pid 42858)
Compiled jquery.js  (4ms)  (pid 42858)
Compiled jquery_ujs.js  (0ms)  (pid 42858)
Compiled categories.js  (98ms)  (pid 42858)
Compiled home.js  (1ms)  (pid 42858)
Compiled products.js  (1ms)  (pid 42858)
Compiled application.js  (232ms)  (pid 42858)
Completed 200 OK in 667ms (Views: 666.5ms | ActiveRecord: 0.0ms)


Started GET "/assets/home.css?body=1" for 127.0.0.1 at 2013-05-28 15:36:06 -0300
Served asset /home.css - 304 Not Modified (6ms)


Started GET "/assets/categories.js?body=1" for 127.0.0.1 at 2013-05-28 15:36:06 -0300
Served asset /categories.js - 200 OK (2ms)


Started GET "/assets/application.css?body=1" for 127.0.0.1 at 2013-05-28 15:36:06 -0300
Served asset /application.css - 304 Not Modified (17ms)


Started GET "/assets/categories.css?body=1" for 127.0.0.1 at 2013-05-28 15:36:06 -0300
Served asset /categories.css - 200 OK (4ms)


Started GET "/assets/products.js?body=1" for 127.0.0.1 at 2013-05-28 15:36:06 -0300
Served asset /products.js - 200 OK (3ms)


Started GET "/assets/products.css?body=1" for 127.0.0.1 at 2013-05-28 15:36:06 -0300
Served asset /products.css - 200 OK (3ms)


Started GET "/assets/scaffolds.css?body=1" for 127.0.0.1 at 2013-05-28 15:36:06 -0300
Served asset /scaffolds.css - 304 Not Modified (3ms)


Started GET "/assets/jquery.js?body=1" for 127.0.0.1 at 2013-05-28 15:36:06 -0300
Served asset /jquery.js - 304 Not Modified (47ms)


Started GET "/assets/home.js?body=1" for 127.0.0.1 at 2013-05-28 15:36:06 -0300
Served asset /home.js - 304 Not Modified (3ms)


Started GET "/assets/jquery_ujs.js?body=1" for 127.0.0.1 at 2013-05-28 15:36:06 -0300
Served asset /jquery_ujs.js - 304 Not Modified (6ms)


Started GET "/assets/application.js?body=1" for 127.0.0.1 at 2013-05-28 15:36:06 -0300
Served asset /application.js - 200 OK (14ms)


Started GET "/categorys" for 127.0.0.1 at 2013-05-28 15:36:14 -0300

ActionController::RoutingError (No route matches [GET] "/categorys"):
  actionpack (3.2.13) lib/action_dispatch/middleware/debug_exceptions.rb:21:in `call'
  actionpack (3.2.13) lib/action_dispatch/middleware/show_exceptions.rb:56:in `call'
  railties (3.2.13) lib/rails/rack/logger.rb:32:in `call_app'
  railties (3.2.13) lib/rails/rack/logger.rb:16:in `block in call'
  activesupport (3.2.13) lib/active_support/tagged_logging.rb:22:in `tagged'
  railties (3.2.13) lib/rails/rack/logger.rb:16:in `call'
  actionpack (3.2.13) lib/action_dispatch/middleware/request_id.rb:22:in `call'
  rack (1.4.5) lib/rack/methodoverride.rb:21:in `call'
  rack (1.4.5) lib/rack/runtime.rb:17:in `call'
  activesupport (3.2.13) lib/active_support/cache/strategy/local_cache.rb:72:in `call'
  rack (1.4.5) lib/rack/lock.rb:15:in `call'
  actionpack (3.2.13) lib/action_dispatch/middleware/static.rb:63:in `call'
  railties (3.2.13) lib/rails/engine.rb:479:in `call'
  railties (3.2.13) lib/rails/application.rb:223:in `call'
  rack (1.4.5) lib/rack/content_length.rb:14:in `call'
  railties (3.2.13) lib/rails/rack/log_tailer.rb:17:in `call'
  rack (1.4.5) lib/rack/handler/webrick.rb:59:in `service'
  /Users/luanfonsecadefarias/.rvm/rubies/ruby-1.9.3-p327/lib/ruby/1.9.1/webrick/httpserver.rb:138:in `service'
  /Users/luanfonsecadefarias/.rvm/rubies/ruby-1.9.3-p327/lib/ruby/1.9.1/webrick/httpserver.rb:94:in `run'
  /Users/luanfonsecadefarias/.rvm/rubies/ruby-1.9.3-p327/lib/ruby/1.9.1/webrick/server.rb:191:in `block in start_thread'


  Rendered /Users/luanfonsecadefarias/.rvm/gems/ruby-1.9.3-p327/gems/actionpack-3.2.13/lib/action_dispatch/middleware/templates/rescues/routing_error.erb within rescues/layout (1.6ms)


Started GET "/categories" for 127.0.0.1 at 2013-05-28 15:36:23 -0300
Processing by CategoriesController#index as HTML
Completed 500 Internal Server Error in 51ms

ActiveRecord::StatementInvalid (Could not find table 'categories'):
  app/controllers/categories_controller.rb:5:in `index'


  Rendered /Users/luanfonsecadefarias/.rvm/gems/ruby-1.9.3-p327/gems/actionpack-3.2.13/lib/action_dispatch/middleware/templates/rescues/_trace.erb (39.2ms)
  Rendered /Users/luanfonsecadefarias/.rvm/gems/ruby-1.9.3-p327/gems/actionpack-3.2.13/lib/action_dispatch/middleware/templates/rescues/_request_and_response.erb (1.8ms)
  Rendered /Users/luanfonsecadefarias/.rvm/gems/ruby-1.9.3-p327/gems/actionpack-3.2.13/lib/action_dispatch/middleware/templates/rescues/diagnostics.erb within rescues/layout (57.6ms)


Started GET "/" for 127.0.0.1 at 2013-05-28 15:36:31 -0300
Processing by HomeController#index as HTML
  Rendered home/index.html.erb within layouts/application (0.1ms)
Completed 200 OK in 158ms (Views: 158.0ms | ActiveRecord: 0.0ms)


Started GET "/assets/home.css?body=1" for 127.0.0.1 at 2013-05-28 15:36:31 -0300
Served asset /home.css - 304 Not Modified (0ms)


Started GET "/assets/scaffolds.css?body=1" for 127.0.0.1 at 2013-05-28 15:36:31 -0300
Served asset /scaffolds.css - 304 Not Modified (0ms)


Started GET "/assets/application.css?body=1" for 127.0.0.1 at 2013-05-28 15:36:31 -0300
Served asset /application.css - 304 Not Modified (0ms)


Started GET "/assets/jquery.js?body=1" for 127.0.0.1 at 2013-05-28 15:36:31 -0300
Served asset /jquery.js - 304 Not Modified (0ms)


Started GET "/assets/jquery_ujs.js?body=1" for 127.0.0.1 at 2013-05-28 15:36:31 -0300
Served asset /jquery_ujs.js - 304 Not Modified (0ms)


Started GET "/assets/home.js?body=1" for 127.0.0.1 at 2013-05-28 15:36:31 -0300
Served asset /home.js - 304 Not Modified (0ms)
Connecting to database specified by database.yml
Connecting to database specified by database.yml
Connecting to database specified by database.yml
Connecting to database specified by database.yml
  [1m[36m (0.2ms)[0m  [1mselect sqlite_version(*)[0m
  [1m[35m (1.1ms)[0m  CREATE TABLE "schema_migrations" ("version" varchar(255) NOT NULL) 
  [1m[36m (0.9ms)[0m  [1mCREATE UNIQUE INDEX "unique_schema_migrations" ON "schema_migrations" ("version")[0m
  [1m[35m (3.4ms)[0m  SELECT "schema_migrations"."version" FROM "schema_migrations" 
Migrating to CreateCategories (20130528183010)
  [1m[36m (0.1ms)[0m  [1mbegin transaction[0m
  [1m[35m (0.7ms)[0m  CREATE TABLE "categories" ("id" INTEGER PRIMARY KEY AUTOINCREMENT NOT NULL, "name" varchar(255), "created_at" datetime NOT NULL, "updated_at" datetime NOT NULL) 
  [1m[36m (0.2ms)[0m  [1mINSERT INTO "schema_migrations" ("version") VALUES ('20130528183010')[0m
  [1m[35m (0.8ms)[0m  commit transaction
Migrating to CreateProducts (20130528183110)
  [1m[36m (0.1ms)[0m  [1mbegin transaction[0m
  [1m[35m (0.1ms)[0m  rollback transaction
Connecting to database specified by database.yml
  [1m[36m (0.2ms)[0m  [1mselect sqlite_version(*)[0m
  [1m[35m (2.1ms)[0m  CREATE TABLE "schema_migrations" ("version" varchar(255) NOT NULL) 
  [1m[36m (0.9ms)[0m  [1mCREATE UNIQUE INDEX "unique_schema_migrations" ON "schema_migrations" ("version")[0m
  [1m[35m (2.6ms)[0m  SELECT "schema_migrations"."version" FROM "schema_migrations" 
Migrating to CreateCategories (20130528183010)
  [1m[36m (0.1ms)[0m  [1mbegin transaction[0m
  [1m[35m (0.5ms)[0m  CREATE TABLE "categories" ("id" INTEGER PRIMARY KEY AUTOINCREMENT NOT NULL, "name" varchar(255), "created_at" datetime NOT NULL, "updated_at" datetime NOT NULL) 
  [1m[36m (0.2ms)[0m  [1mINSERT INTO "schema_migrations" ("version") VALUES ('20130528183010')[0m
  [1m[35m (0.7ms)[0m  commit transaction
Migrating to CreateProducts (20130528183110)
  [1m[36m (0.1ms)[0m  [1mbegin transaction[0m
  [1m[35m (0.6ms)[0m  CREATE TABLE "products" ("id" INTEGER PRIMARY KEY AUTOINCREMENT NOT NULL, "name" varchar(255), "amount" integer, "created_at" datetime NOT NULL, "updated_at" datetime NOT NULL) 
  [1m[36m (0.2ms)[0m  [1mINSERT INTO "schema_migrations" ("version") VALUES ('20130528183110')[0m
  [1m[35m (0.8ms)[0m  commit transaction
Migrating to CreateSales (20130528183830)
  [1m[36m (0.1ms)[0m  [1mbegin transaction[0m
  [1m[35m (0.4ms)[0m  CREATE TABLE "sales" ("id" INTEGER PRIMARY KEY AUTOINCREMENT NOT NULL, "name" varchar(255), "date" datetime, "created_at" datetime NOT NULL, "updated_at" datetime NOT NULL) 
  [1m[36m (0.2ms)[0m  [1mINSERT INTO "schema_migrations" ("version") VALUES ('20130528183830')[0m
  [1m[35m (0.8ms)[0m  commit transaction
Migrating to CreateCustomers (20130528183913)
  [1m[36m (0.1ms)[0m  [1mbegin transaction[0m
  [1m[35m (0.5ms)[0m  CREATE TABLE "customers" ("id" INTEGER PRIMARY KEY AUTOINCREMENT NOT NULL, "name" varchar(255), "created_at" datetime NOT NULL, "updated_at" datetime NOT NULL) 
  [1m[36m (0.2ms)[0m  [1mINSERT INTO "schema_migrations" ("version") VALUES ('20130528183913')[0m
  [1m[35m (0.8ms)[0m  commit transaction
  [1m[36m (0.2ms)[0m  [1mSELECT "schema_migrations"."version" FROM "schema_migrations" [0m
